<?xml version="1.0" encoding="UTF-8"?>
<!-- Generated by org.testng.reporters.JUnitReportReporter -->
<testsuite hostname="DESKTOP-KK1SMTI" failures="0" tests="1" name="testCases.TC_012_Validate_Updating_UserDeatils" time="25.524" errors="0" timestamp="2024-12-08T13:35:30 IST" skipped="0">
  <testcase classname="testCases.TC_012_Validate_Updating_UserDeatils" name="Updating_UserDeatils" time="25.524"/>
</testsuite> <!-- testCases.TC_012_Validate_Updating_UserDeatils -->
