<?xml version="1.0" encoding="UTF-8"?>
<!-- Generated by org.testng.reporters.JUnitReportReporter -->
<testsuite hostname="DESKTOP-KK1SMTI" failures="0" tests="5" name="testCases.TC_005_SearchProductTestDDT" time="38.674" errors="0" timestamp="2025-06-17T20:47:07 IST" skipped="0">
  <testcase classname="testCases.TC_005_SearchProductTestDDT" name="searchproduct" time="1.305"/>
  <testcase classname="testCases.TC_005_SearchProductTestDDT" name="searchproduct" time="1.499"/>
  <testcase classname="testCases.TC_005_SearchProductTestDDT" name="searchproduct" time="11.264"/>
  <testcase classname="testCases.TC_005_SearchProductTestDDT" name="searchproduct" time="11.215"/>
  <testcase classname="testCases.TC_005_SearchProductTestDDT" name="searchproduct" time="13.391"/>
</testsuite> <!-- testCases.TC_005_SearchProductTestDDT -->
