<?xml version="1.0" encoding="UTF-8"?>
<!-- Generated by org.testng.reporters.JUnitReportReporter -->
<testsuite hostname="DESKTOP-KK1SMTI" failures="0" tests="3" name="testCases.TC_006_ProductCompareTest" time="3.458" errors="0" timestamp="2024-07-14T19:11:01 IST" skipped="0">
  <testcase classname="testCases.TC_006_ProductCompareTest" name="CompareProduct" time="1.297"/>
  <testcase classname="testCases.TC_006_ProductCompareTest" name="CompareProduct" time="1.143"/>
  <testcase classname="testCases.TC_006_ProductCompareTest" name="CompareProduct" time="1.018"/>
</testsuite> <!-- testCases.TC_006_ProductCompareTest -->
