<?xml version="1.0" encoding="UTF-8"?>
<!-- Generated by org.testng.reporters.JUnitReportReporter -->
<testsuite hostname="DESKTOP-KK1SMTI" failures="0" tests="5" name="testCases.TC_005_SearchProductTestDDT" time="34.406" errors="0" timestamp="2024-12-08T13:35:30 IST" skipped="0">
  <testcase classname="testCases.TC_005_SearchProductTestDDT" name="searchproduct" time="11.455"/>
  <testcase classname="testCases.TC_005_SearchProductTestDDT" name="searchproduct" time="10.581"/>
  <testcase classname="testCases.TC_005_SearchProductTestDDT" name="searchproduct" time="0.698"/>
  <testcase classname="testCases.TC_005_SearchProductTestDDT" name="searchproduct" time="10.994"/>
  <testcase classname="testCases.TC_005_SearchProductTestDDT" name="searchproduct" time="0.678"/>
</testsuite> <!-- testCases.TC_005_SearchProductTestDDT -->
