<?xml version="1.0" encoding="UTF-8"?>
<!-- Generated by org.testng.reporters.JUnitReportReporter -->
<testsuite hostname="DESKTOP-KK1SMTI" failures="0" tests="10" name="testCases.TC_005_SearchProductTestDDT" time="69.703" errors="0" timestamp="2024-07-14T17:55:10 IST" skipped="0">
  <testcase classname="testCases.TC_005_SearchProductTestDDT" name="searchproduct" time="10.504"/>
  <testcase classname="testCases.TC_005_SearchProductTestDDT" name="searchproduct" time="1.102"/>
  <testcase classname="testCases.TC_005_SearchProductTestDDT" name="searchproduct" time="0.874"/>
  <testcase classname="testCases.TC_005_SearchProductTestDDT" name="searchproduct" time="0.770"/>
  <testcase classname="testCases.TC_005_SearchProductTestDDT" name="searchproduct" time="11.268"/>
  <testcase classname="testCases.TC_005_SearchProductTestDDT" name="searchproduct" time="11.839"/>
  <testcase classname="testCases.TC_005_SearchProductTestDDT" name="searchproduct" time="10.719"/>
  <testcase classname="testCases.TC_005_SearchProductTestDDT" name="searchproduct" time="10.509"/>
  <testcase classname="testCases.TC_005_SearchProductTestDDT" name="searchproduct" time="10.775"/>
  <testcase classname="testCases.TC_005_SearchProductTestDDT" name="searchproduct" time="1.343"/>
</testsuite> <!-- testCases.TC_005_SearchProductTestDDT -->
