<?xml version="1.0" encoding="UTF-8"?>
<!-- Generated by org.testng.reporters.JUnitReportReporter -->
<testsuite hostname="DESKTOP-KK1SMTI" failures="0" tests="1" name="testCases.TC_016_Validate_EstimateShippingandTaxes_functionality" time="14.607" errors="0" timestamp="2024-12-15T22:56:48 IST" skipped="0">
  <testcase classname="testCases.TC_016_Validate_EstimateShippingandTaxes_functionality" name="EstimateShippingAndTaxes" time="14.607"/>
</testsuite> <!-- testCases.TC_016_Validate_EstimateShippingandTaxes_functionality -->
