<?xml version="1.0" encoding="UTF-8"?>
<!-- Generated by org.testng.reporters.JUnitReportReporter -->
<testsuite hostname="DESKTOP-KK1SMTI" failures="0" tests="1" name="testCases.TC_013_Validate_ReviewOnProduct" time="25.345" errors="0" timestamp="2024-12-09T11:12:25 IST" skipped="0">
  <testcase classname="testCases.TC_013_Validate_ReviewOnProduct" name="ReviewOnProduct" time="25.345"/>
</testsuite> <!-- testCases.TC_013_Validate_ReviewOnProduct -->
