<?xml version="1.0" encoding="UTF-8"?>
<!-- Generated by org.testng.reporters.JUnitReportReporter -->
<testsuite hostname="DESKTOP-KK1SMTI" failures="0" tests="1" name="testCases.TC_001_AccountRegistrationTest" time="3.150" errors="0" timestamp="2024-06-30T21:30:29 IST" skipped="0">
  <testcase classname="testCases.TC_001_AccountRegistrationTest" name="test_accountRegistration" time="3.150"/>
</testsuite> <!-- testCases.TC_001_AccountRegistrationTest -->
