<?xml version="1.0" encoding="UTF-8"?>
<!-- Generated by org.testng.reporters.JUnitReportReporter -->
<testsuite hostname="DESKTOP-KK1SMTI" failures="0" tests="5" name="testCases.TC_005_SearchProductTestDDT" time="38.108" errors="0" timestamp="2024-12-09T11:12:25 IST" skipped="0">
  <testcase classname="testCases.TC_005_SearchProductTestDDT" name="searchproduct" time="11.543"/>
  <testcase classname="testCases.TC_005_SearchProductTestDDT" name="searchproduct" time="11.345"/>
  <testcase classname="testCases.TC_005_SearchProductTestDDT" name="searchproduct" time="1.185"/>
  <testcase classname="testCases.TC_005_SearchProductTestDDT" name="searchproduct" time="1.391"/>
  <testcase classname="testCases.TC_005_SearchProductTestDDT" name="searchproduct" time="12.644"/>
</testsuite> <!-- testCases.TC_005_SearchProductTestDDT -->
