<?xml version="1.0" encoding="UTF-8"?>
<!-- Generated by org.testng.reporters.JUnitReportReporter -->
<testsuite hostname="DESKTOP-KK1SMTI" failures="0" tests="3" name="testCases.TC_010_AddtoWishListTestDDT" time="13.405" errors="0" timestamp="2024-12-09T11:12:25 IST" skipped="0">
  <testcase classname="testCases.TC_010_AddtoWishListTestDDT" name="addtoWishListTest" time="4.195"/>
  <testcase classname="testCases.TC_010_AddtoWishListTestDDT" name="addtoWishListTest" time="4.317"/>
  <testcase classname="testCases.TC_010_AddtoWishListTestDDT" name="addtoWishListTest" time="4.893"/>
</testsuite> <!-- testCases.TC_010_AddtoWishListTestDDT -->
