<?xml version="1.0" encoding="UTF-8"?>
<!-- Generated by org.testng.reporters.JUnitReportReporter -->
<testsuite hostname="DESKTOP-KK1SMTI" failures="0" tests="2" name="testCases.TC_004_ForgetPasswordTest" time="5.699" errors="0" timestamp="2024-07-14T17:55:10 IST" skipped="0">
  <testcase classname="testCases.TC_004_ForgetPasswordTest" name="forgetpassword" time="2.876"/>
  <testcase classname="testCases.TC_004_ForgetPasswordTest" name="forgetpassword" time="2.823"/>
</testsuite> <!-- testCases.TC_004_ForgetPasswordTest -->
