<?xml version="1.0" encoding="UTF-8"?>
<!-- Generated by org.testng.reporters.JUnitReportReporter -->
<testsuite hostname="DESKTOP-KK1SMTI" failures="0" tests="2" name="testCases.TC_008_AddtoCartTest1" time="2.925" errors="0" timestamp="2024-07-14T17:55:10 IST" skipped="0">
  <testcase classname="testCases.TC_008_AddtoCartTest1" name="AddtoCartTest1" time="1.407"/>
  <testcase classname="testCases.TC_008_AddtoCartTest1" name="AddtoCartTest1" time="1.518"/>
</testsuite> <!-- testCases.TC_008_AddtoCartTest1 -->
