<?xml version="1.0" encoding="UTF-8"?>
<!-- Generated by org.testng.reporters.JUnitReportReporter -->
<testsuite hostname="DESKTOP-KK1SMTI" failures="0" tests="1" name="testCases.TC_015_Validate_GiftCertificate_Functionality" time="9.749" errors="0" timestamp="2024-12-08T13:35:30 IST" skipped="0">
  <testcase classname="testCases.TC_015_Validate_GiftCertificate_Functionality" name="GiftCertficate" time="9.749"/>
</testsuite> <!-- testCases.TC_015_Validate_GiftCertificate_Functionality -->
