<?xml version="1.0" encoding="UTF-8"?>
<!-- Generated by org.testng.reporters.JUnitReportReporter -->
<testsuite hostname="DESKTOP-KK1SMTI" failures="0" tests="1" name="testCases.TC_018_Validate_Product_Deatils_Brand_Name_Code" time="5.689" errors="0" timestamp="2025-07-16T11:12:56 IST" skipped="0">
  <testcase classname="testCases.TC_018_Validate_Product_Deatils_Brand_Name_Code" name="VerifyPrdouct_Brand_Name_Code" time="5.689"/>
</testsuite> <!-- testCases.TC_018_Validate_Product_Deatils_Brand_Name_Code -->
