<?xml version="1.0" encoding="UTF-8"?>
<!-- Generated by org.testng.reporters.JUnitReportReporter -->
<testsuite hostname="DESKTOP-KK1SMTI" failures="0" tests="1" name="testCases.TC_007_ProductDisplayPageTest" time="2.119" errors="0" timestamp="2024-07-14T19:11:01 IST" skipped="0">
  <testcase classname="testCases.TC_007_ProductDisplayPageTest" name="ProductDisplayPage" time="2.119"/>
</testsuite> <!-- testCases.TC_007_ProductDisplayPageTest -->
