<?xml version="1.0" encoding="UTF-8"?>
<!-- Generated by org.testng.reporters.JUnitReportReporter -->
<testsuite hostname="DESKTOP-KK1SMTI" failures="0" tests="1" name="testCases.TC_009_AddtoCartTest2" time="2.523" errors="0" timestamp="2024-12-09T11:12:25 IST" skipped="0">
  <testcase classname="testCases.TC_009_AddtoCartTest2" name="Addtocarttest2" time="2.523"/>
</testsuite> <!-- testCases.TC_009_AddtoCartTest2 -->
