<?xml version="1.0" encoding="UTF-8"?>
<!-- Generated by org.testng.reporters.JUnitReportReporter -->
<testsuite hostname="DESKTOP-KK1SMTI" failures="0" tests="3" name="testCases.TC_006_ProductCompareTest" time="4.957" errors="0" timestamp="2024-12-09T11:12:25 IST" skipped="0">
  <testcase classname="testCases.TC_006_ProductCompareTest" name="CompareProduct" time="1.421"/>
  <testcase classname="testCases.TC_006_ProductCompareTest" name="CompareProduct" time="2.068"/>
  <testcase classname="testCases.TC_006_ProductCompareTest" name="CompareProduct" time="1.468"/>
</testsuite> <!-- testCases.TC_006_ProductCompareTest -->
