<?xml version="1.0" encoding="UTF-8"?>
<!-- Generated by org.testng.reporters.JUnitReportReporter -->
<testsuite hostname="DESKTOP-KK1SMTI" failures="0" tests="1" name="testCases.TC_004_ForgetPasswordTest" time="4.859" errors="0" timestamp="2025-06-17T20:47:07 IST" skipped="0">
  <testcase classname="testCases.TC_004_ForgetPasswordTest" name="forgetpassword" time="4.859"/>
</testsuite> <!-- testCases.TC_004_ForgetPasswordTest -->
