<?xml version="1.0" encoding="UTF-8"?>
<!-- Generated by org.testng.reporters.JUnitReportReporter -->
<testsuite hostname="DESKTOP-KK1SMTI" failures="0" tests="7" name="testCases.TC_003_LoginDataDrivenTest" time="41.649" errors="0" timestamp="2024-07-14T19:11:01 IST" skipped="0">
  <testcase classname="testCases.TC_003_LoginDataDrivenTest" name="verifytest" time="2.137"/>
  <testcase classname="testCases.TC_003_LoginDataDrivenTest" name="verifytest" time="11.536"/>
  <testcase classname="testCases.TC_003_LoginDataDrivenTest" name="verifytest" time="11.124"/>
  <testcase classname="testCases.TC_003_LoginDataDrivenTest" name="verifytest" time="1.958"/>
  <testcase classname="testCases.TC_003_LoginDataDrivenTest" name="verifytest" time="1.908"/>
  <testcase classname="testCases.TC_003_LoginDataDrivenTest" name="verifytest" time="1.800"/>
  <testcase classname="testCases.TC_003_LoginDataDrivenTest" name="verifytest" time="11.186"/>
</testsuite> <!-- testCases.TC_003_LoginDataDrivenTest -->
