<?xml version="1.0" encoding="UTF-8"?>
<!-- Generated by org.testng.reporters.JUnitReportReporter -->
<testsuite hostname="DESKTOP-KK1SMTI" failures="0" tests="1" name="testCases.TC_002_My_Account_Login" time="2.464" errors="0" timestamp="2024-06-30T21:30:29 IST" skipped="0">
  <testcase classname="testCases.TC_002_My_Account_Login" name="my_accountlogin" time="2.464"/>
</testsuite> <!-- testCases.TC_002_My_Account_Login -->
