<?xml version="1.0" encoding="UTF-8"?>
<!-- Generated by org.testng.reporters.JUnitReportReporter -->
<testsuite hostname="DESKTOP-KK1SMTI" failures="0" tests="1" name="testCases.TC_007_ProductDisplayPageTest" time="3.196" errors="0" timestamp="2024-12-08T13:35:30 IST" skipped="0">
  <testcase classname="testCases.TC_007_ProductDisplayPageTest" name="ProductDisplayPage" time="3.196"/>
</testsuite> <!-- testCases.TC_007_ProductDisplayPageTest -->
