<?xml version="1.0" encoding="UTF-8"?>
<!-- Generated by org.testng.reporters.JUnitReportReporter -->
<testsuite hostname="DESKTOP-KK1SMTI" failures="0" tests="3" name="testCases.TC_006_ProductCompareTest" time="4.336" errors="0" timestamp="2024-12-08T13:35:30 IST" skipped="0">
  <testcase classname="testCases.TC_006_ProductCompareTest" name="CompareProduct" time="1.194"/>
  <testcase classname="testCases.TC_006_ProductCompareTest" name="CompareProduct" time="1.215"/>
  <testcase classname="testCases.TC_006_ProductCompareTest" name="CompareProduct" time="1.927"/>
</testsuite> <!-- testCases.TC_006_ProductCompareTest -->
