<?xml version="1.0" encoding="UTF-8"?>
<!-- Generated by org.testng.reporters.JUnitReportReporter -->
<testsuite hostname="DESKTOP-KK1SMTI" failures="0" tests="2" name="testCases.TC_009_AddtoCartTest2" time="3.686" errors="0" timestamp="2024-07-14T17:55:10 IST" skipped="0">
  <testcase classname="testCases.TC_009_AddtoCartTest2" name="Addtocarttest2" time="2.183"/>
  <testcase classname="testCases.TC_009_AddtoCartTest2" name="Addtocarttest2" time="1.503"/>
</testsuite> <!-- testCases.TC_009_AddtoCartTest2 -->
