<?xml version="1.0" encoding="UTF-8"?>
<!-- Generated by org.testng.reporters.JUnitReportReporter -->
<testsuite hostname="DESKTOP-KK1SMTI" failures="0" tests="1" name="testCases.TC_014_Validate_CouponCode_Functionality" time="8.119" errors="0" timestamp="2024-12-08T13:35:30 IST" skipped="0">
  <testcase classname="testCases.TC_014_Validate_CouponCode_Functionality" name="CouponCode_Functionality" time="8.119"/>
</testsuite> <!-- testCases.TC_014_Validate_CouponCode_Functionality -->
