<?xml version="1.0" encoding="UTF-8"?>
<!-- Generated by org.testng.reporters.JUnitReportReporter -->
<testsuite hostname="DESKTOP-KK1SMTI" failures="0" tests="2" name="testCases.TC_007_ProductDisplayPageTest" time="5.235" errors="0" timestamp="2024-07-14T17:55:10 IST" skipped="0">
  <testcase classname="testCases.TC_007_ProductDisplayPageTest" name="ProductDisplayPage" time="2.355"/>
  <testcase classname="testCases.TC_007_ProductDisplayPageTest" name="ProductDisplayPage" time="2.880"/>
</testsuite> <!-- testCases.TC_007_ProductDisplayPageTest -->
