<?xml version="1.0" encoding="UTF-8"?>
<!-- Generated by org.testng.reporters.JUnitReportReporter -->
<testsuite hostname="DESKTOP-KK1SMTI" failures="0" tests="1" name="testCases.TC_001_AccountRegistrationTest" time="5.204" errors="0" timestamp="2024-12-09T11:12:25 IST" skipped="0">
  <testcase classname="testCases.TC_001_AccountRegistrationTest" name="test_accountRegistration" time="5.204"/>
</testsuite> <!-- testCases.TC_001_AccountRegistrationTest -->
