<?xml version="1.0" encoding="UTF-8"?>
<!-- Generated by org.testng.reporters.JUnitReportReporter -->
<testsuite hostname="DESKTOP-KK1SMTI" failures="0" tests="6" name="testCases.TC_006_ProductCompareTest" time="8.382" errors="0" timestamp="2024-07-14T17:55:10 IST" skipped="0">
  <testcase classname="testCases.TC_006_ProductCompareTest" name="CompareProduct" time="1.324"/>
  <testcase classname="testCases.TC_006_ProductCompareTest" name="CompareProduct" time="1.194"/>
  <testcase classname="testCases.TC_006_ProductCompareTest" name="CompareProduct" time="1.887"/>
  <testcase classname="testCases.TC_006_ProductCompareTest" name="CompareProduct" time="1.259"/>
  <testcase classname="testCases.TC_006_ProductCompareTest" name="CompareProduct" time="1.171"/>
  <testcase classname="testCases.TC_006_ProductCompareTest" name="CompareProduct" time="1.547"/>
</testsuite> <!-- testCases.TC_006_ProductCompareTest -->
