<?xml version="1.0" encoding="UTF-8"?>
<!-- Generated by org.testng.reporters.JUnitReportReporter -->
<testsuite hostname="DESKTOP-KK1SMTI" failures="0" tests="5" name="testCases.TC_005_SearchProductTestDDT" time="33.679" errors="0" timestamp="2024-07-14T19:11:01 IST" skipped="0">
  <testcase classname="testCases.TC_005_SearchProductTestDDT" name="searchproduct" time="0.855"/>
  <testcase classname="testCases.TC_005_SearchProductTestDDT" name="searchproduct" time="10.666"/>
  <testcase classname="testCases.TC_005_SearchProductTestDDT" name="searchproduct" time="10.713"/>
  <testcase classname="testCases.TC_005_SearchProductTestDDT" name="searchproduct" time="0.606"/>
  <testcase classname="testCases.TC_005_SearchProductTestDDT" name="searchproduct" time="10.839"/>
</testsuite> <!-- testCases.TC_005_SearchProductTestDDT -->
