<?xml version="1.0" encoding="UTF-8"?>
<!-- Generated by org.testng.reporters.JUnitReportReporter -->
<testsuite hostname="DESKTOP-KK1SMTI" failures="0" tests="1" name="testCases.TC_011_Validate_Shopping_Cart_page" time="2.350" errors="0" timestamp="2024-12-08T13:35:30 IST" skipped="0">
  <testcase classname="testCases.TC_011_Validate_Shopping_Cart_page" name="Validate_ShopingCartPage" time="2.350"/>
</testsuite> <!-- testCases.TC_011_Validate_Shopping_Cart_page -->
