<?xml version="1.0" encoding="UTF-8"?>
<!-- Generated by org.testng.reporters.JUnitReportReporter -->
<testsuite hostname="DESKTOP-KK1SMTI" failures="0" tests="1" name="testCases.TC_002_My_Account_Login" time="1.957" errors="0" timestamp="2024-07-14T19:14:09 IST" skipped="0">
  <testcase classname="testCases.TC_002_My_Account_Login" name="my_accountlogin" time="1.957"/>
</testsuite> <!-- testCases.TC_002_My_Account_Login -->
