<?xml version="1.0" encoding="UTF-8"?>
<!-- Generated by org.testng.reporters.JUnitReportReporter -->
<testsuite hostname="DESKTOP-KK1SMTI" failures="0" tests="1" name="testCases.TC_001_AccountRegistrationTest" time="4.471" errors="0" timestamp="2024-07-07T23:26:14 IST" skipped="0">
  <testcase classname="testCases.TC_001_AccountRegistrationTest" name="test_accountRegistration" time="4.471"/>
</testsuite> <!-- testCases.TC_001_AccountRegistrationTest -->
