<?xml version="1.0" encoding="UTF-8"?>
<!-- Generated by org.testng.reporters.JUnitReportReporter -->
<testsuite hostname="DESKTOP-KK1SMTI" failures="0" tests="7" name="testCases.TC_003_LoginDataDrivenTest" time="43.477" errors="0" timestamp="2024-07-15T21:56:42 IST" skipped="0">
  <testcase classname="testCases.TC_003_LoginDataDrivenTest" name="verifytest" time="1.744"/>
  <testcase classname="testCases.TC_003_LoginDataDrivenTest" name="verifytest" time="11.894"/>
  <testcase classname="testCases.TC_003_LoginDataDrivenTest" name="verifytest" time="2.304"/>
  <testcase classname="testCases.TC_003_LoginDataDrivenTest" name="verifytest" time="2.717"/>
  <testcase classname="testCases.TC_003_LoginDataDrivenTest" name="verifytest" time="11.730"/>
  <testcase classname="testCases.TC_003_LoginDataDrivenTest" name="verifytest" time="11.223"/>
  <testcase classname="testCases.TC_003_LoginDataDrivenTest" name="verifytest" time="1.865"/>
</testsuite> <!-- testCases.TC_003_LoginDataDrivenTest -->
