<?xml version="1.0" encoding="UTF-8"?>
<!-- Generated by org.testng.reporters.JUnitReportReporter -->
<testsuite hostname="DESKTOP-KK1SMTI" failures="0" tests="1" name="testCases.TC_001_AccountRegistrationTest" time="3.237" errors="0" timestamp="2024-07-15T21:56:42 IST" skipped="0">
  <testcase classname="testCases.TC_001_AccountRegistrationTest" name="test_accountRegistration" time="3.237"/>
</testsuite> <!-- testCases.TC_001_AccountRegistrationTest -->
