<?xml version="1.0" encoding="UTF-8"?>
<!-- Generated by org.testng.reporters.JUnitReportReporter -->
<testsuite hostname="DESKTOP-KK1SMTI" failures="0" tests="7" name="testCases.TC_003_LoginDataDrivenTest" time="41.330" errors="0" timestamp="2024-07-14T19:14:09 IST" skipped="0">
  <testcase classname="testCases.TC_003_LoginDataDrivenTest" name="verifytest" time="1.736"/>
  <testcase classname="testCases.TC_003_LoginDataDrivenTest" name="verifytest" time="1.771"/>
  <testcase classname="testCases.TC_003_LoginDataDrivenTest" name="verifytest" time="2.154"/>
  <testcase classname="testCases.TC_003_LoginDataDrivenTest" name="verifytest" time="11.243"/>
  <testcase classname="testCases.TC_003_LoginDataDrivenTest" name="verifytest" time="11.231"/>
  <testcase classname="testCases.TC_003_LoginDataDrivenTest" name="verifytest" time="11.283"/>
  <testcase classname="testCases.TC_003_LoginDataDrivenTest" name="verifytest" time="1.912"/>
</testsuite> <!-- testCases.TC_003_LoginDataDrivenTest -->
