<?xml version="1.0" encoding="UTF-8"?>
<!-- Generated by org.testng.reporters.JUnitReportReporter -->
<testsuite hostname="DESKTOP-KK1SMTI" failures="0" tests="1" name="testCases.TC_002_My_Account_Login" time="3.492" errors="0" timestamp="2024-12-09T17:54:23 IST" skipped="0">
  <testcase classname="testCases.TC_002_My_Account_Login" name="my_accountlogin" time="3.492"/>
</testsuite> <!-- testCases.TC_002_My_Account_Login -->
